<?xml version="1.0" encoding="UTF-8"?>
<!-- Generated by org.testng.reporters.JUnitReportReporter -->
<testsuite hostname="LAPTOP-65H6OUS0" failures="0" tests="2" name="testCases.TC002_addUser" time="4.305" errors="0" timestamp="2025-07-16T20:22:59 IST" skipped="0">
  <testcase classname="testCases.TC002_addUser" name="Verify_addUser" time="2.407"/>
  <testcase classname="testCases.TC002_addUser" name="verify_login" time="1.898"/>
</testsuite> <!-- testCases.TC002_addUser -->
