<?xml version="1.0" encoding="UTF-8"?>
<!-- Generated by org.testng.reporters.JUnitReportReporter -->
<testsuite hostname="LAPTOP-65H6OUS0" failures="0" tests="1" name="testCases.TC001_LoginPage" time="1.890" errors="0" timestamp="2025-07-16T11:24:59 IST" skipped="0">
  <testcase classname="testCases.TC001_LoginPage" name="verify_login" time="1.890"/>
</testsuite> <!-- testCases.TC001_LoginPage -->
