<?xml version="1.0" encoding="UTF-8"?>
<!-- Generated by org.testng.reporters.JUnitReportReporter -->
<testsuite hostname="DESKTOP-33U6AKO" failures="0" tests="1" name="testCases.TC001_LoginPage" time="3.102" errors="0" timestamp="2025-07-26T10:32:54 IST" skipped="0">
  <testcase classname="testCases.TC001_LoginPage" name="verify_login" time="3.102"/>
</testsuite> <!-- testCases.TC001_LoginPage -->
