<?xml version="1.0" encoding="UTF-8"?>
<!-- Generated by org.testng.reporters.JUnitReportReporter -->
<testsuite hostname="LAPTOP-65H6OUS0" failures="0" tests="2" name="testCases.TC003_AddEmployee" time="4.659" errors="0" timestamp="2025-07-16T14:36:21 IST" skipped="0">
  <testcase classname="testCases.TC003_AddEmployee" name="verivy_addEmployee" time="2.797"/>
  <testcase classname="testCases.TC003_AddEmployee" name="verify_login" time="1.862"/>
</testsuite> <!-- testCases.TC003_AddEmployee -->
