<?xml version="1.0" encoding="UTF-8"?>
<!-- Generated by org.testng.reporters.JUnitReportReporter -->
<testsuite hostname="LAPTOP-65H6OUS0" failures="0" tests="2" name="testCases.TC002_addUser" time="4.393" errors="0" timestamp="2025-07-16T12:24:41 IST" skipped="0">
  <testcase classname="testCases.TC002_addUser" name="Verify_addUser" time="2.491"/>
  <testcase classname="testCases.TC002_addUser" name="verify_login" time="1.902"/>
</testsuite> <!-- testCases.TC002_addUser -->
