<?xml version="1.0" encoding="UTF-8"?>
<!-- Generated by org.testng.reporters.JUnitReportReporter -->
<testsuite hostname="DESKTOP-33U6AKO" failures="0" tests="2" name="testCases.TC005_addJobTitle" time="14.641" errors="0" timestamp="2025-07-28T17:33:15 IST" skipped="0">
  <testcase classname="testCases.TC005_addJobTitle" name="verify_login" time="2.673"/>
  <testcase classname="testCases.TC005_addJobTitle" name="add_jobTitle" time="11.968"/>
</testsuite> <!-- testCases.TC005_addJobTitle -->
