<?xml version="1.0" encoding="UTF-8"?>
<!-- Generated by org.testng.reporters.JUnitReportReporter -->
<testsuite hostname="LAPTOP-65H6OUS0" failures="0" tests="1" name="testCases.TC001_LoginPage" time="1.995" errors="0" timestamp="2025-07-17T10:06:54 IST" skipped="0">
  <testcase classname="testCases.TC001_LoginPage" name="verify_login" time="1.995"/>
</testsuite> <!-- testCases.TC001_LoginPage -->
