<?xml version="1.0" encoding="UTF-8"?>
<!-- Generated by org.testng.reporters.JUnitReportReporter -->
<testsuite hostname="LAPTOP-65H6OUS0" failures="0" tests="1" name="testCases.BaseClass" time="5.531" errors="0" timestamp="2025-07-16T10:24:24 IST" skipped="0">
  <testcase classname="testCases.BaseClass" name="setUp" time="5.531"/>
</testsuite> <!-- testCases.BaseClass -->
