<?xml version="1.0" encoding="UTF-8"?>
<!-- Generated by org.testng.reporters.JUnitReportReporter -->
<testsuite hostname="LAPTOP-65H6OUS0" failures="0" tests="2" name="testCases.TC003_AddEmployee" time="4.662" errors="0" timestamp="2025-07-16T20:22:59 IST" skipped="0">
  <testcase classname="testCases.TC003_AddEmployee" name="verify_login" time="1.880"/>
  <testcase classname="testCases.TC003_AddEmployee" name="verivy_addEmployee" time="2.782"/>
</testsuite> <!-- testCases.TC003_AddEmployee -->
