<?xml version="1.0" encoding="UTF-8"?>
<!-- Generated by org.testng.reporters.JUnitReportReporter -->
<testsuite hostname="LAPTOP-65H6OUS0" failures="0" tests="1" name="testCases.TC001_LoginPage" time="3.609" errors="0" timestamp="2025-07-16T22:34:52 IST" skipped="0">
  <testcase classname="testCases.TC001_LoginPage" name="verify_login" time="3.609"/>
</testsuite> <!-- testCases.TC001_LoginPage -->
